<?xml version="1.0" encoding="UTF-8"?>
<testng-results ignored="0" total="2" passed="2" failed="0" skipped="0">
  <reporter-output>
  </reporter-output>
  <suite started-at="2023-10-25T16:07:55 IST" name="Default suite" finished-at="2023-10-25T16:07:56 IST" duration-ms="1577">
    <groups>
      <group name="cucumber">
        <method signature="AbstractTestNGCucumberTests.runScenario(io.cucumber.testng.PickleWrapper,io.cucumber.testng.FeatureWrapper)[pri:0, instance:stepDefinition.CucumberRunner@67f639d3]" name="runScenario" class="io.cucumber.testng.AbstractTestNGCucumberTests"/>
      </group> <!-- cucumber -->
    </groups>
    <test started-at="2023-10-25T16:07:55 IST" name="Default test" finished-at="2023-10-25T16:07:56 IST" duration-ms="1577">
      <class name="stepDefinition.CucumberRunner">
        <test-method is-config="true" signature="setUpClass(org.testng.ITestContext)[pri:0, instance:stepDefinition.CucumberRunner@67f639d3]" started-at="2023-10-25T16:07:55 IST" name="setUpClass" finished-at="2023-10-25T16:07:55 IST" duration-ms="340" status="PASS">
          <params>
            <param index="0">
              <value>
                <![CDATA[org.testng.TestRunner@39109136]]>
              </value>
            </param>
          </params>
          <reporter-output>
          </reporter-output>
        </test-method> <!-- setUpClass -->
        <test-method is-config="true" signature="tearDownClass()[pri:0, instance:stepDefinition.CucumberRunner@67f639d3]" started-at="2023-10-25T16:07:55 IST" name="tearDownClass" finished-at="2023-10-25T16:07:55 IST" duration-ms="21" status="PASS">
          <reporter-output>
          </reporter-output>
        </test-method> <!-- tearDownClass -->
      </class> <!-- stepDefinition.CucumberRunner -->
      <class name="stepDefinition.NewTest">
        <test-method is-config="true" signature="setUp()[pri:0, instance:stepDefinition.NewTest@2d710f1a]" started-at="2023-10-25T16:07:55 IST" name="setUp" finished-at="2023-10-25T16:07:55 IST" duration-ms="150" status="PASS">
          <reporter-output>
          </reporter-output>
        </test-method> <!-- setUp -->
        <test-method signature="testGetRequest()[pri:0, instance:stepDefinition.NewTest@2d710f1a]" started-at="2023-10-25T16:07:55 IST" name="testGetRequest" finished-at="2023-10-25T16:07:55 IST" duration-ms="288" status="PASS">
          <reporter-output>
          </reporter-output>
        </test-method> <!-- testGetRequest -->
        <test-method signature="testPostRequest()[pri:0, instance:stepDefinition.NewTest@2d710f1a]" started-at="2023-10-25T16:07:55 IST" name="testPostRequest" finished-at="2023-10-25T16:07:56 IST" duration-ms="749" status="PASS">
          <reporter-output>
          </reporter-output>
        </test-method> <!-- testPostRequest -->
        <test-method is-config="true" signature="tearDown()[pri:0, instance:stepDefinition.NewTest@2d710f1a]" started-at="2023-10-25T16:07:56 IST" name="tearDown" finished-at="2023-10-25T16:07:56 IST" duration-ms="2" status="PASS">
          <reporter-output>
          </reporter-output>
        </test-method> <!-- tearDown -->
      </class> <!-- stepDefinition.NewTest -->
    </test> <!-- Default test -->
  </suite> <!-- Default suite -->
</testng-results>
