<?xml version="1.0" encoding="UTF-8"?>
<!-- Generated by org.testng.reporters.JUnitXMLReporter -->
<testsuite ignored="0" hostname="TRISTANR01" failures="2" tests="2" name="Test" time="0.041" errors="0" timestamp="2023-10-25T15:34:53 IST">
  <testcase classname="NewTest" name="testGetRequest" time="0.008">
    <failure type="java.lang.NullPointerException" message="Cannot invoke &amp;quot;org.apache.http.impl.client.CloseableHttpClient.execute(org.apache.http.client.methods.HttpUriRequest)&amp;quot; because &amp;quot;this.httpClient&amp;quot; is null">
      <![CDATA[java.lang.NullPointerException: Cannot invoke "org.apache.http.impl.client.CloseableHttpClient.execute(org.apache.http.client.methods.HttpUriRequest)" because "this.httpClient" is null
at NewTest.testGetRequest(NewTest.java:33)
at java.base/java.util.ArrayList.forEach(ArrayList.java:1511)
... Removed 27 stack frames]]>
    </failure>
  </testcase> <!-- testGetRequest -->
  <testcase classname="NewTest" name="testPostRequest" time="0.005">
    <failure type="java.lang.NullPointerException" message="Cannot invoke &amp;quot;org.apache.http.impl.client.CloseableHttpClient.execute(org.apache.http.client.methods.HttpUriRequest)&amp;quot; because &amp;quot;this.httpClient&amp;quot; is null">
      <![CDATA[java.lang.NullPointerException: Cannot invoke "org.apache.http.impl.client.CloseableHttpClient.execute(org.apache.http.client.methods.HttpUriRequest)" because "this.httpClient" is null
at NewTest.testPostRequest(NewTest.java:46)
at java.base/java.util.ArrayList.forEach(ArrayList.java:1511)
... Removed 27 stack frames]]>
    </failure>
  </testcase> <!-- testPostRequest -->
</testsuite> <!-- Test -->
